e:\session 5\vision par ordinateur\semaine 6\object-tracking\object-tracking\x64\debug\object-tracking.exe
e:\session 5\vision par ordinateur\semaine 6\object-tracking\object-tracking\x64\debug\object-tracking.ilk
e:\session 5\vision par ordinateur\semaine 6\object-tracking\object-tracking\x64\debug\object-tracking.pdb
e:\session 5\vision par ordinateur\semaine 6\object-tracking\object-tracking\object-tracking\x64\debug\vc141.pdb
e:\session 5\vision par ordinateur\semaine 6\object-tracking\object-tracking\object-tracking\x64\debug\vc141.idb
e:\session 5\vision par ordinateur\semaine 6\object-tracking\object-tracking\object-tracking\x64\debug\videocamera.obj
e:\session 5\vision par ordinateur\semaine 6\object-tracking\object-tracking\object-tracking\x64\debug\main.obj
e:\session 5\vision par ordinateur\semaine 6\object-tracking\object-tracking\object-tracking\x64\debug\capture.obj
e:\session 5\vision par ordinateur\semaine 6\travail pratique 1\object-tracking\object-tracking\x64\debug\vc141.pdb
e:\session 5\vision par ordinateur\semaine 6\travail pratique 1\object-tracking\object-tracking\x64\debug\vc141.idb
e:\session 5\vision par ordinateur\semaine 6\travail pratique 1\object-tracking\object-tracking\x64\debug\videocamera.obj
e:\session 5\vision par ordinateur\semaine 6\travail pratique 1\object-tracking\object-tracking\x64\debug\capture.obj
e:\session 5\vision par ordinateur\semaine 6\travail pratique 1\object-tracking\object-tracking\x64\debug\main.obj
e:\session 5\vision par ordinateur\semaine 6\travail pratique 1\object-tracking\x64\debug\object-tracking.pdb
e:\session 5\vision par ordinateur\semaine 6\travail pratique 1\object-tracking\x64\debug\object-tracking.exe
e:\session 5\vision par ordinateur\semaine 6\travail pratique 1\object-tracking\x64\debug\object-tracking.ilk
e:\session 5\vision par ordinateur\semaine 6\travail pratique 1\object-tracking\object-tracking\x64\debug\object-tracking.tlog\cl.command.1.tlog
e:\session 5\vision par ordinateur\semaine 6\travail pratique 1\object-tracking\object-tracking\x64\debug\object-tracking.tlog\link.read.1.tlog
e:\session 5\vision par ordinateur\semaine 6\travail pratique 1\object-tracking\object-tracking\x64\debug\object-tracking.tlog\link.write.1.tlog
e:\session 5\vision par ordinateur\semaine 6\travail pratique 1\object-tracking\object-tracking\x64\debug\object-tracking.tlog\link.command.1.tlog
e:\session 5\vision par ordinateur\semaine 6\travail pratique 1\object-tracking\object-tracking\x64\debug\object-tracking.tlog\cl.write.1.tlog
e:\session 5\vision par ordinateur\semaine 6\travail pratique 1\object-tracking\object-tracking\x64\debug\object-tracking.tlog\cl.read.1.tlog
